c:\users\usuario\desktop\2ºvideojuegos\asteroids\holasdl\debug\vc140.pdb
c:\users\usuario\desktop\2ºvideojuegos\asteroids\holasdl\debug\vc140.idb
c:\users\usuario\desktop\2ºvideojuegos\asteroids\holasdl\debug\paddlephysicscomponent.obj
c:\users\usuario\desktop\2ºvideojuegos\asteroids\holasdl\debug\paddlewithai.obj
c:\users\usuario\desktop\2ºvideojuegos\asteroids\holasdl\debug\paddlewithaiwithtransrect.obj
c:\users\usuario\desktop\2ºvideojuegos\asteroids\holasdl\debug\paddlewithmouse.obj
c:\users\usuario\desktop\2ºvideojuegos\asteroids\holasdl\debug\paddlewithmousewithtransrect.obj
c:\users\usuario\desktop\2ºvideojuegos\asteroids\holasdl\debug\paddlewithtransrect.obj
c:\users\usuario\desktop\2ºvideojuegos\asteroids\holasdl\debug\physicscomponent.obj
c:\users\usuario\desktop\2ºvideojuegos\asteroids\holasdl\debug\rendercomponent.obj
c:\users\usuario\desktop\2ºvideojuegos\asteroids\holasdl\debug\resources.obj
c:\users\usuario\desktop\2ºvideojuegos\asteroids\holasdl\debug\rotationcomponent.obj
c:\users\usuario\desktop\2ºvideojuegos\asteroids\holasdl\debug\rotationphysics.obj
c:\users\usuario\desktop\2ºvideojuegos\asteroids\holasdl\debug\sdlgame.obj
c:\users\usuario\desktop\2ºvideojuegos\asteroids\holasdl\debug\skeletonrenderer.obj
c:\users\usuario\desktop\2ºvideojuegos\asteroids\holasdl\debug\soundeffect.obj
c:\users\usuario\desktop\2ºvideojuegos\asteroids\holasdl\debug\soundmanager.obj
c:\users\usuario\desktop\2ºvideojuegos\asteroids\holasdl\debug\startrekbulletsmanager.obj
c:\users\usuario\desktop\2ºvideojuegos\asteroids\holasdl\debug\texture.obj
c:\users\usuario\desktop\2ºvideojuegos\asteroids\holasdl\debug\tranrectrenderer.obj
c:\users\usuario\desktop\2ºvideojuegos\asteroids\holasdl\debug\vector2d.obj
c:\users\usuario\desktop\2ºvideojuegos\asteroids\holasdl\debug\weapon.obj
c:\users\usuario\desktop\2ºvideojuegos\asteroids\holasdl\debug\examplegame.obj
c:\users\usuario\desktop\2ºvideojuegos\asteroids\holasdl\debug\fighter.obj
c:\users\usuario\desktop\2ºvideojuegos\asteroids\holasdl\debug\fillrectrenderer.obj
c:\users\usuario\desktop\2ºvideojuegos\asteroids\holasdl\debug\font.obj
c:\users\usuario\desktop\2ºvideojuegos\asteroids\holasdl\debug\gamectrlinputcomponent.obj
c:\users\usuario\desktop\2ºvideojuegos\asteroids\holasdl\debug\gamemanager.obj
c:\users\usuario\desktop\2ºvideojuegos\asteroids\holasdl\debug\gamemsgrenderer.obj
c:\users\usuario\desktop\2ºvideojuegos\asteroids\holasdl\debug\gameobject.obj
c:\users\usuario\desktop\2ºvideojuegos\asteroids\holasdl\debug\imagerenderer.obj
c:\users\usuario\desktop\2ºvideojuegos\asteroids\holasdl\debug\inputcomponent.obj
c:\users\usuario\desktop\2ºvideojuegos\asteroids\holasdl\debug\main.obj
c:\users\usuario\desktop\2ºvideojuegos\asteroids\holasdl\debug\managertemplate.obj
c:\users\usuario\desktop\2ºvideojuegos\asteroids\holasdl\debug\messages.obj
c:\users\usuario\desktop\2ºvideojuegos\asteroids\holasdl\debug\music.obj
c:\users\usuario\desktop\2ºvideojuegos\asteroids\holasdl\debug\observable.obj
c:\users\usuario\desktop\2ºvideojuegos\asteroids\holasdl\debug\observer.obj
c:\users\usuario\desktop\2ºvideojuegos\asteroids\holasdl\debug\paddle.obj
c:\users\usuario\desktop\2ºvideojuegos\asteroids\holasdl\debug\paddleaiphysics.obj
c:\users\usuario\desktop\2ºvideojuegos\asteroids\holasdl\debug\paddlekeyboardcomponent.obj
c:\users\usuario\desktop\2ºvideojuegos\asteroids\holasdl\debug\paddlemouseinputcomponent.obj
c:\users\usuario\desktop\2ºvideojuegos\asteroids\holasdl\debug\accelerationinputcomponent.obj
c:\users\usuario\desktop\2ºvideojuegos\asteroids\holasdl\debug\asteroid.obj
c:\users\usuario\desktop\2ºvideojuegos\asteroids\holasdl\debug\asteroidsmanager.obj
c:\users\usuario\desktop\2ºvideojuegos\asteroids\holasdl\debug\ball.obj
c:\users\usuario\desktop\2ºvideojuegos\asteroids\holasdl\debug\basicmotionphysics.obj
c:\users\usuario\desktop\2ºvideojuegos\asteroids\holasdl\debug\bounceonbordersphysics.obj
c:\users\usuario\desktop\2ºvideojuegos\asteroids\holasdl\debug\bullets.obj
c:\users\usuario\desktop\2ºvideojuegos\asteroids\holasdl\debug\bulletsmanager.obj
c:\users\usuario\desktop\2ºvideojuegos\asteroids\holasdl\debug\circularmotionphysics.obj
c:\users\usuario\desktop\2ºvideojuegos\asteroids\holasdl\debug\collisionmanager.obj
c:\users\usuario\desktop\2ºvideojuegos\asteroids\holasdl\debug\collisions.obj
c:\users\usuario\desktop\2ºvideojuegos\asteroids\holasdl\debug\componentswitcher.obj
c:\users\usuario\desktop\2ºvideojuegos\asteroids\holasdl\debug\container.obj
c:\users\usuario\desktop\2ºvideojuegos\asteroids\holasdl\debug\demoactor.obj
c:\users\usuario\desktop\2ºvideojuegos\asteroids\holasdl\debug\vc141.pdb
c:\users\usuario\desktop\2ºvideojuegos\asteroids\holasdl\debug\fightersmanager.obj
c:\users\usuario\desktop\2ºvideojuegos\asteroids\holasdl\debug\badgetimer.obj
c:\users\usuario\desktop\2ºvideojuegos\asteroids\holasdl\debug\scorerenderer.obj
c:\users\usuario\desktop\2ºvideojuegos\asteroids\holasdl\debug\liverenderer.obj
c:\users\usuario\desktop\2ºvideojuegos\asteroids\holasdl\debug\vc141.idb
c:\users\usuario\desktop\2ºvideojuegos\asteroids\holasdl\debug\badgeobject.obj
c:\users\usuario\desktop\2ºvideojuegos\asteroids\bin\holasdldebug.lib
c:\users\usuario\desktop\2ºvideojuegos\asteroids\bin\holasdldebug.exp
c:\users\usuario\desktop\2ºvideojuegos\asteroids\bin\holasdldebug.exe
c:\users\usuario\desktop\2ºvideojuegos\asteroids\bin\holasdldebug.ilk
c:\users\usuario\desktop\2ºvideojuegos\asteroids\bin\holasdldebug.pdb
c:\users\usuario\desktop\2ºvideojuegos\asteroids\holasdl\debug\asteroidsmanager.obj.enc
c:\users\usuario\desktop\2ºvideojuegos\asteroids\holasdl\debug\examplegame.obj.enc
c:\users\usuario\desktop\2ºvideojuegos\asteroids\holasdl\debug\startrekbulletsmanager.obj.enc
c:\users\usuario\desktop\2ºvideojuegos\asteroids\holasdl\debug\holasdl.tlog\cl.command.1.tlog
c:\users\usuario\desktop\2ºvideojuegos\asteroids\holasdl\debug\holasdl.tlog\cl.read.1.tlog
c:\users\usuario\desktop\2ºvideojuegos\asteroids\holasdl\debug\holasdl.tlog\cl.write.1.tlog
c:\users\usuario\desktop\2ºvideojuegos\asteroids\holasdl\debug\holasdl.tlog\holasdl.write.1u.tlog
c:\users\usuario\desktop\2ºvideojuegos\asteroids\holasdl\debug\holasdl.tlog\link.command.1.tlog
c:\users\usuario\desktop\2ºvideojuegos\asteroids\holasdl\debug\holasdl.tlog\link.delete.1.tlog
c:\users\usuario\desktop\2ºvideojuegos\asteroids\holasdl\debug\holasdl.tlog\link.read.1.tlog
c:\users\usuario\desktop\2ºvideojuegos\asteroids\holasdl\debug\holasdl.tlog\link.write.1.tlog
