  BaseHID.cpp
c:\users\usuario\desktop\2ºvideojuegos\gitcompartido\clasethings\clasethings\clasethings\practicainterfaces\rumblecontroller\basehid.h(48): warning C4100: 'bit': parámetro formal sin referencia
c:\users\usuario\desktop\2ºvideojuegos\gitcompartido\clasethings\clasethings\clasethings\practicainterfaces\rumblecontroller\basehid.h(69): warning C4244: '=': conversión de 'double' a 'float'; posible pérdida de datos
c:\users\usuario\desktop\2ºvideojuegos\gitcompartido\clasethings\clasethings\clasethings\practicainterfaces\rumblecontroller\basehid.cpp(17): warning C4244: '=': conversión de 'double' a 'float'; posible pérdida de datos
c:\users\usuario\desktop\2ºvideojuegos\gitcompartido\clasethings\clasethings\clasethings\practicainterfaces\rumblecontroller\basehid.cpp(19): warning C4244: '=': conversión de 'double' a 'float'; posible pérdida de datos
c:\users\usuario\desktop\2ºvideojuegos\gitcompartido\clasethings\clasethings\clasethings\practicainterfaces\rumblecontroller\basehid.cpp(21): warning C4244: '=': conversión de 'double' a 'float'; posible pérdida de datos
c:\users\usuario\desktop\2ºvideojuegos\gitcompartido\clasethings\clasethings\clasethings\practicainterfaces\rumblecontroller\basehid.cpp(23): warning C4244: '=': conversión de 'double' a 'float'; posible pérdida de datos
c:\users\usuario\desktop\2ºvideojuegos\gitcompartido\clasethings\clasethings\clasethings\practicainterfaces\rumblecontroller\basehid.cpp(34): warning C4553: '==': el operador no tiene efecto; ¿ha pensado en '='?
c:\users\usuario\desktop\2ºvideojuegos\gitcompartido\clasethings\clasethings\clasethings\practicainterfaces\rumblecontroller\basehid.cpp(35): warning C4244: '=': conversión de 'const double' a 'float'; posible pérdida de datos
  HIDXbox.cpp
c:\users\usuario\desktop\2ºvideojuegos\gitcompartido\clasethings\clasethings\clasethings\practicainterfaces\rumblecontroller\basehid.h(48): warning C4100: 'bit': parámetro formal sin referencia
c:\users\usuario\desktop\2ºvideojuegos\gitcompartido\clasethings\clasethings\clasethings\practicainterfaces\rumblecontroller\basehid.h(69): warning C4244: '=': conversión de 'double' a 'float'; posible pérdida de datos
c:\users\usuario\desktop\2ºvideojuegos\gitcompartido\clasethings\clasethings\clasethings\practicainterfaces\rumblecontroller\hidxbox.cpp(30): warning C4244: '-=': conversión de 'float' a 'SHORT'; posible pérdida de datos
c:\users\usuario\desktop\2ºvideojuegos\gitcompartido\clasethings\clasethings\clasethings\practicainterfaces\rumblecontroller\hidxbox.cpp(33): warning C4244: '+=': conversión de 'float' a 'SHORT'; posible pérdida de datos
c:\users\usuario\desktop\2ºvideojuegos\gitcompartido\clasethings\clasethings\clasethings\practicainterfaces\rumblecontroller\hidxbox.cpp(40): warning C4244: '-=': conversión de 'float' a 'SHORT'; posible pérdida de datos
c:\users\usuario\desktop\2ºvideojuegos\gitcompartido\clasethings\clasethings\clasethings\practicainterfaces\rumblecontroller\hidxbox.cpp(43): warning C4244: '+=': conversión de 'float' a 'SHORT'; posible pérdida de datos
c:\users\usuario\desktop\2ºvideojuegos\gitcompartido\clasethings\clasethings\clasethings\practicainterfaces\rumblecontroller\hidxbox.cpp(50): warning C4244: '-=': conversión de 'float' a 'SHORT'; posible pérdida de datos
c:\users\usuario\desktop\2ºvideojuegos\gitcompartido\clasethings\clasethings\clasethings\practicainterfaces\rumblecontroller\hidxbox.cpp(53): warning C4244: '+=': conversión de 'float' a 'SHORT'; posible pérdida de datos
c:\users\usuario\desktop\2ºvideojuegos\gitcompartido\clasethings\clasethings\clasethings\practicainterfaces\rumblecontroller\hidxbox.cpp(60): warning C4244: '-=': conversión de 'float' a 'SHORT'; posible pérdida de datos
c:\users\usuario\desktop\2ºvideojuegos\gitcompartido\clasethings\clasethings\clasethings\practicainterfaces\rumblecontroller\hidxbox.cpp(63): warning C4244: '+=': conversión de 'float' a 'SHORT'; posible pérdida de datos
  RumbleController.cpp
c:\users\usuario\desktop\2ºvideojuegos\gitcompartido\clasethings\clasethings\clasethings\practicainterfaces\rumblecontroller\basehid.h(48): warning C4100: 'bit': parámetro formal sin referencia
c:\users\usuario\desktop\2ºvideojuegos\gitcompartido\clasethings\clasethings\clasethings\practicainterfaces\rumblecontroller\basehid.h(69): warning C4244: '=': conversión de 'double' a 'float'; posible pérdida de datos
c:\users\usuario\desktop\2ºvideojuegos\gitcompartido\clasethings\clasethings\clasethings\practicainterfaces\rumblecontroller\rumblecontroller.cpp(22): warning C4459: la declaración de 'Control' oculta la declaración global
  c:\users\usuario\desktop\2ºvideojuegos\gitcompartido\clasethings\clasethings\clasethings\practicainterfaces\rumblecontroller\rumblecontroller.cpp(7): note: vea la declaración de 'Control'
c:\users\usuario\desktop\2ºvideojuegos\gitcompartido\clasethings\clasethings\clasethings\practicainterfaces\rumblecontroller\rumblecontroller.cpp(27): warning C4244: '+=': conversión de 'float' a 'LONG'; posible pérdida de datos
c:\users\usuario\desktop\2ºvideojuegos\gitcompartido\clasethings\clasethings\clasethings\practicainterfaces\rumblecontroller\rumblecontroller.cpp(28): warning C4244: '-=': conversión de 'float' a 'LONG'; posible pérdida de datos
c:\users\usuario\desktop\2ºvideojuegos\gitcompartido\clasethings\clasethings\clasethings\practicainterfaces\rumblecontroller\rumblecontroller.cpp(33): warning C4244: '+=': conversión de 'float' a 'LONG'; posible pérdida de datos
c:\users\usuario\desktop\2ºvideojuegos\gitcompartido\clasethings\clasethings\clasethings\practicainterfaces\rumblecontroller\rumblecontroller.cpp(34): warning C4244: '-=': conversión de 'float' a 'LONG'; posible pérdida de datos
c:\users\usuario\desktop\2ºvideojuegos\gitcompartido\clasethings\clasethings\clasethings\practicainterfaces\rumblecontroller\rumblecontroller.cpp(44): warning C4244: 'argumento': conversión de 'float' a 'DWORD'; posible pérdida de datos
c:\users\usuario\desktop\2ºvideojuegos\gitcompartido\clasethings\clasethings\clasethings\practicainterfaces\rumblecontroller\rumblecontroller.cpp(49): warning C4244: 'argumento': conversión de 'float' a 'DWORD'; posible pérdida de datos
c:\users\usuario\desktop\2ºvideojuegos\gitcompartido\clasethings\clasethings\clasethings\practicainterfaces\rumblecontroller\rumblecontroller.cpp(23): warning C4101: 'pt0': variable local sin referencia
c:\users\usuario\desktop\2ºvideojuegos\gitcompartido\clasethings\clasethings\clasethings\practicainterfaces\rumblecontroller\rumblecontroller.cpp(160): warning C4100: 'nCmdShow': parámetro formal sin referencia
c:\users\usuario\desktop\2ºvideojuegos\gitcompartido\clasethings\clasethings\clasethings\practicainterfaces\rumblecontroller\rumblecontroller.cpp(160): warning C4100: 'hInstance': parámetro formal sin referencia
  Generando código...
  RumbleController_2010.vcxproj -> C:\Users\Usuario\Desktop\2ºVideojuegos\GitCompartido\ClaseThings\ClaseThings\ClaseThings\PracticaInterfaces\RumbleController\Debug\RumbleController.exe
