c:\hlocal\clasethings-lucesig\practica1diegobarattoalejandromarin\myapp\debug\vc141.pdb
c:\hlocal\clasethings-lucesig\practica1diegobarattoalejandromarin\myapp\debug\vc141.idb
c:\hlocal\clasethings-lucesig\practica1diegobarattoalejandromarin\myapp\debug\entities.obj
c:\hlocal\clasethings-lucesig\practica1diegobarattoalejandromarin\myapp\debug\indexmesh.obj
c:\hlocal\clasethings-lucesig\practica1diegobarattoalejandromarin\myapp\debug\light.obj
c:\hlocal\clasethings-lucesig\practica1diegobarattoalejandromarin\myapp\debug\main.obj
c:\hlocal\clasethings-lucesig\practica1diegobarattoalejandromarin\myapp\debug\material.obj
c:\hlocal\clasethings-lucesig\practica1diegobarattoalejandromarin\myapp\debug\mesh.obj
c:\hlocal\clasethings-lucesig\practica1diegobarattoalejandromarin\myapp\debug\pixmap32rgba.obj
c:\hlocal\clasethings-lucesig\practica1diegobarattoalejandromarin\myapp\debug\scene.obj
c:\hlocal\clasethings-lucesig\practica1diegobarattoalejandromarin\myapp\debug\camera.obj
c:\hlocal\clasethings-lucesig\practica1diegobarattoalejandromarin\myapp\debug\texture.obj
c:\hlocal\clasethings-lucesig\practica1diegobarattoalejandromarin\bin\myappdebug.exe
c:\hlocal\clasethings-lucesig\practica1diegobarattoalejandromarin\bin\myappdebug.ilk
c:\hlocal\clasethings-lucesig\practica1diegobarattoalejandromarin\bin\myappdebug.pdb
c:\hlocal\clasethings-lucesig\practica1diegobarattoalejandromarin\myapp\debug\myapp.tlog\cl.command.1.tlog
c:\hlocal\clasethings-lucesig\practica1diegobarattoalejandromarin\myapp\debug\myapp.tlog\cl.read.1.tlog
c:\hlocal\clasethings-lucesig\practica1diegobarattoalejandromarin\myapp\debug\myapp.tlog\cl.write.1.tlog
c:\hlocal\clasethings-lucesig\practica1diegobarattoalejandromarin\myapp\debug\myapp.tlog\link.command.1.tlog
c:\hlocal\clasethings-lucesig\practica1diegobarattoalejandromarin\myapp\debug\myapp.tlog\link.read.1.tlog
c:\hlocal\clasethings-lucesig\practica1diegobarattoalejandromarin\myapp\debug\myapp.tlog\link.write.1.tlog
