c:\users\mrcorner\desktop\clasethings-ig\practica1\ig diaboloempezado\myapp\debug\vc120.pdb
c:\users\mrcorner\desktop\clasethings-ig\practica1\ig diaboloempezado\myapp\debug\vc120.idb
c:\users\mrcorner\desktop\clasethings-ig\practica1\ig diaboloempezado\myapp\debug\mesh.obj
c:\users\mrcorner\desktop\clasethings-ig\practica1\ig diaboloempezado\myapp\debug\pixmap32rgba.obj
c:\users\mrcorner\desktop\clasethings-ig\practica1\ig diaboloempezado\myapp\debug\camera.obj
c:\users\mrcorner\desktop\clasethings-ig\practica1\ig diaboloempezado\myapp\debug\texture.obj
c:\users\mrcorner\desktop\clasethings-ig\practica1\ig diaboloempezado\myapp\debug\entities.obj
c:\users\mrcorner\desktop\clasethings-ig\practica1\ig diaboloempezado\myapp\debug\scene.obj
c:\users\mrcorner\desktop\clasethings-ig\practica1\ig diaboloempezado\myapp\debug\main.obj
d:\cosasimportabiles\cosas git\clasethings\practica1\ig diaboloempezado\myapp\debug\vc120.pdb
d:\cosasimportabiles\cosas git\clasethings\practica1\ig diaboloempezado\myapp\debug\vc120.idb
d:\cosasimportabiles\cosas git\clasethings\practica1\ig diaboloempezado\myapp\debug\entities.obj
d:\cosasimportabiles\cosas git\clasethings\practica1\ig diaboloempezado\myapp\debug\main.obj
d:\cosasimportabiles\cosas git\clasethings\practica1\ig diaboloempezado\myapp\debug\mesh.obj
d:\cosasimportabiles\cosas git\clasethings\practica1\ig diaboloempezado\myapp\debug\pixmap32rgba.obj
d:\cosasimportabiles\cosas git\clasethings\practica1\ig diaboloempezado\myapp\debug\scene.obj
d:\cosasimportabiles\cosas git\clasethings\practica1\ig diaboloempezado\myapp\debug\camera.obj
d:\cosasimportabiles\cosas git\clasethings\practica1\ig diaboloempezado\myapp\debug\texture.obj
c:\users\mrcorner\desktop\clasethings-ig\practica1\ig diaboloempezado\bin\myappdebug.ilk
c:\users\mrcorner\desktop\clasethings-ig\practica1\ig diaboloempezado\bin\myappdebug.exe
c:\users\mrcorner\desktop\clasethings-ig\practica1\ig diaboloempezado\bin\myappdebug.pdb
d:\cosasimportabiles\cosas git\clasethings\practica1\ig diaboloempezado\bin\myappdebug.ilk
d:\cosasimportabiles\cosas git\clasethings\practica1\ig diaboloempezado\bin\myappdebug.exe
d:\cosasimportabiles\cosas git\clasethings\practica1\ig diaboloempezado\bin\myappdebug.pdb
d:\cosasimportabiles\cosas git\clasethings\practica1\ig diaboloempezado\myapp\debug\vc140.idb
d:\cosasimportabiles\cosas git\clasethings\practica1\ig diaboloempezado\myapp\debug\vc140.pdb
d:\cosasimportabiles\cosas git\clasethings\practica1\ig diaboloempezado\myapp\debug\myapp.tlog\cl.command.1.tlog
d:\cosasimportabiles\cosas git\clasethings\practica1\ig diaboloempezado\myapp\debug\myapp.tlog\cl.read.1.tlog
d:\cosasimportabiles\cosas git\clasethings\practica1\ig diaboloempezado\myapp\debug\myapp.tlog\cl.write.1.tlog
d:\cosasimportabiles\cosas git\clasethings\practica1\ig diaboloempezado\myapp\debug\myapp.tlog\link.command.1.tlog
d:\cosasimportabiles\cosas git\clasethings\practica1\ig diaboloempezado\myapp\debug\myapp.tlog\link.read.1.tlog
d:\cosasimportabiles\cosas git\clasethings\practica1\ig diaboloempezado\myapp\debug\myapp.tlog\link.write.1.tlog
