Build started 14/02/2018 16:46:01.
     1>Project "C:\Users\usuario_local\Downloads\ProyectosSDL\HolaSDL\HolaSDL.vcxproj" on node 2 (Build target(s)).
     1>ClCompile:
         C:\software\programacion\MSVStudio2013\VC\bin\CL.exe /c /ZI /nologo /W3 /WX- /sdl /Od /Oy- /D _MBCS /Gm /EHsc /RTC1 /MDd /GS /fp:precise /Zc:wchar_t /Zc:forScope /Fo"Debug\\" /Fd"Debug\vc120.pdb" /Gd /TP /analyze- /errorReport:prompt CircularMotionPhysics.cpp
         CircularMotionPhysics.cpp
       Link:
         C:\software\programacion\MSVStudio2013\VC\bin\link.exe /ERRORREPORT:PROMPT /OUT:"C:\Users\usuario_local\Downloads\ProyectosSDL\bin\HolaSDLDebug.exe" /INCREMENTAL /NOLOGO SDL2.lib SDL2main.lib SDL2_image.lib SDL2_ttf.lib SDL2_mixer.lib SDL2_net.lib kernel32.lib user32.lib gdi32.lib winspool.lib comdlg32.lib advapi32.lib shell32.lib ole32.lib oleaut32.lib uuid.lib odbc32.lib odbccp32.lib /MANIFEST /MANIFESTUAC:"level='asInvoker' uiAccess='false'" /manifest:embed /DEBUG /PDB:"C:\Users\usuario_local\Downloads\ProyectosSDL\bin\HolaSDLDebug.pdb" /SUBSYSTEM:CONSOLE /TLBID:1 /DYNAMICBASE /NXCOMPAT /IMPLIB:"C:\Users\usuario_local\Downloads\ProyectosSDL\bin\HolaSDLDebug.lib" /MACHINE:X86 Debug\Ball.obj
         Debug\BounceOnBordersPhysics.obj
         Debug\CircularMotionPhysics.obj
         Debug\Collisions.obj
         Debug\ComponentSwitcher.obj
         Debug\DemoActor.obj
         Debug\ExampleGame.obj
         Debug\FillRectRenderer.obj
         Debug\Font.obj
         Debug\GameComponent.obj
         Debug\GameObject.obj
         Debug\ImageRenderer.obj
         Debug\InputComponent.obj
         Debug\main.obj
         Debug\Music.obj
         Debug\Paddle.obj
         Debug\PaddleAIPhysics.obj
         Debug\PaddleKeyboardComponent.obj
         Debug\PaddleMouseInputComponent.obj
         Debug\PaddlePhysicsComponent.obj
         Debug\PaddleWithAI.obj
         Debug\PaddleWithAIWithTransRect.obj
         Debug\PaddleWithMouse.obj
         Debug\PaddleWithMouseWithTransRect.obj
         Debug\PaddleWithTransRect.obj
         Debug\PhysicsComponent.obj
         Debug\RenderComponent.obj
         Debug\Resources.obj
         Debug\RotationComponent.obj
         Debug\SDLGame.obj
         Debug\SkeletonRenderer.obj
         Debug\SoundEffect.obj
         Debug\Texture.obj
         Debug\TranRectRenderer.obj
         Debug\Vector2D.obj
         HolaSDL.vcxproj -> C:\Users\usuario_local\Downloads\ProyectosSDL\bin\HolaSDLDebug.exe
     1>Done Building Project "C:\Users\usuario_local\Downloads\ProyectosSDL\HolaSDL\HolaSDL.vcxproj" (Build target(s)).

Build succeeded.

Time Elapsed 00:00:00.90
