  Weapon.cpp
c:\users\mrcorner\desktop\moargit\clasethings\proyectossdl\holasdl\weapon.cpp(40): warning C4244: 'inicializando': conversión de 'double' a 'int'; posible pérdida de datos
c:\users\mrcorner\desktop\moargit\clasethings\proyectossdl\holasdl\weapon.cpp(41): warning C4244: 'inicializando': conversión de 'double' a 'int'; posible pérdida de datos
  Vector2D.cpp
  TranRectRenderer.cpp
  Texture.cpp
  StarTrekBulletsManager.cpp
c:\users\mrcorner\desktop\moargit\clasethings\proyectossdl\holasdl\startrekbulletsmanager.cpp(36): warning C4244: 'inicializando': conversión de 'double' a 'int'; posible pérdida de datos
c:\users\mrcorner\desktop\moargit\clasethings\proyectossdl\holasdl\startrekbulletsmanager.cpp(37): warning C4244: 'inicializando': conversión de 'double' a 'int'; posible pérdida de datos
c:\users\mrcorner\desktop\moargit\clasethings\proyectossdl\holasdl\startrekbulletsmanager.cpp(41): warning C4244: 'inicializando': conversión de 'double' a 'int'; posible pérdida de datos
c:\users\mrcorner\desktop\moargit\clasethings\proyectossdl\holasdl\startrekbulletsmanager.cpp(42): warning C4244: 'inicializando': conversión de 'double' a 'int'; posible pérdida de datos
c:\users\mrcorner\desktop\moargit\clasethings\proyectossdl\holasdl\startrekbulletsmanager.cpp(73): warning C4018: '<': no coinciden signed/unsigned
c:\users\mrcorner\desktop\moargit\clasethings\proyectossdl\holasdl\managertemplate.h(39): warning C4018: '<': no coinciden signed/unsigned
  c:\users\mrcorner\desktop\moargit\clasethings\proyectossdl\holasdl\managertemplate.h(35): note: durante la compilación de la función miembro de plantilla clase de 'std::pair<bool,T *> ManagerTemplate<T>::getObjectPool(void)'
          with
          [
              T=Bullets
          ]
  c:\users\mrcorner\desktop\moargit\clasethings\proyectossdl\holasdl\startrekbulletsmanager.cpp(19): note: vea la referencia a la creación de instancias de plantilla de función 'std::pair<bool,T *> ManagerTemplate<T>::getObjectPool(void)' que se está compilando
          with
          [
              T=Bullets
          ]
  c:\users\mrcorner\desktop\moargit\clasethings\proyectossdl\holasdl\startrekbulletsmanager.h(11): note: vea la referencia a la creación de instancias de plantilla clase de 'ManagerTemplate<Bullets>' que se está compilando
  SoundManager.cpp
  SoundEffect.cpp
  SDLGame.cpp
  ScoreRenderer.cpp
  RotationPhysics.cpp
  RotationComponent.cpp
  Resources.cpp
  RenderComponent.cpp
  PhysicsComponent.cpp
  Observer.cpp
  Observable.cpp
  Music.cpp
  messages.cpp
  ManagerTemplate.cpp
  main.cpp
  Generando código...
  Compilando...
  LiveRenderer.cpp
c:\users\mrcorner\desktop\moargit\clasethings\proyectossdl\holasdl\liverenderer.cpp(20): warning C4018: '<': no coinciden signed/unsigned
  InputComponent.cpp
  ImageRenderer.cpp
  GameObject.cpp
  GameMsgRenderer.cpp
  GameManager.cpp
  GameCtrlInputComponent.cpp
  Font.cpp
  FillRectRenderer.cpp
  FightersManager.cpp
  Fighter.cpp
  ExampleGame.cpp
  Container.cpp
  ComponentSwitcher.cpp
  Collisions.cpp
  CollisionManager.cpp
c:\users\mrcorner\desktop\moargit\clasethings\proyectossdl\holasdl\collisionmanager.cpp(12): warning C4018: '<': no coinciden signed/unsigned
c:\users\mrcorner\desktop\moargit\clasethings\proyectossdl\holasdl\collisionmanager.cpp(13): warning C4018: '<': no coinciden signed/unsigned
  CircularMotionPhysics.cpp
  BulletsManager.cpp
  Bullets.cpp
  BasicMotionPhysics.cpp
  Generando código...
  Compilando...
  Ball.cpp
  BadgeTimer.cpp
  BadgeObject.cpp
  AsteroidsManager.cpp
c:\users\mrcorner\desktop\moargit\clasethings\proyectossdl\holasdl\managertemplate.h(39): warning C4018: '<': no coinciden signed/unsigned
  c:\users\mrcorner\desktop\moargit\clasethings\proyectossdl\holasdl\managertemplate.h(35): note: durante la compilación de la función miembro de plantilla clase de 'std::pair<bool,T *> ManagerTemplate<T>::getObjectPool(void)'
          with
          [
              T=Asteroid
          ]
  c:\users\mrcorner\desktop\moargit\clasethings\proyectossdl\holasdl\asteroidsmanager.cpp(70): note: vea la referencia a la creación de instancias de plantilla de función 'std::pair<bool,T *> ManagerTemplate<T>::getObjectPool(void)' que se está compilando
          with
          [
              T=Asteroid
          ]
  c:\users\mrcorner\desktop\moargit\clasethings\proyectossdl\holasdl\asteroidsmanager.h(11): note: vea la referencia a la creación de instancias de plantilla clase de 'ManagerTemplate<Asteroid>' que se está compilando
  Asteroid.cpp
  AccelerationInputComponent.cpp
  Generando código...
     Creando biblioteca C:\Users\MrCorner\Desktop\MoarGit\ClaseThings\ProyectosSDL\bin\HolaSDLDebug.lib y objeto C:\Users\MrCorner\Desktop\MoarGit\ClaseThings\ProyectosSDL\bin\HolaSDLDebug.exp
  HolaSDL.vcxproj -> C:\Users\MrCorner\Desktop\MoarGit\ClaseThings\ProyectosSDL\bin\HolaSDLDebug.exe
