c:\users\usuario\desktop\2ºvideojuegos\clasethings\clasethings\clasethings-labsviernes\tpv\pacman\holasdl\debug\vc140.pdb
c:\users\usuario\desktop\2ºvideojuegos\clasethings\clasethings\clasethings-labsviernes\tpv\pacman\holasdl\debug\vc140.idb
c:\users\usuario\desktop\2ºvideojuegos\clasethings\clasethings\clasethings-labsviernes\tpv\pacman\holasdl\debug\font.obj
c:\users\usuario\desktop\2ºvideojuegos\clasethings\clasethings\clasethings-labsviernes\tpv\pacman\holasdl\debug\gamemap.obj
c:\users\usuario\desktop\2ºvideojuegos\clasethings\clasethings\clasethings-labsviernes\tpv\pacman\holasdl\debug\gameobject.obj
c:\users\usuario\desktop\2ºvideojuegos\clasethings\clasethings\clasethings-labsviernes\tpv\pacman\holasdl\debug\ghost.obj
c:\users\usuario\desktop\2ºvideojuegos\clasethings\clasethings\clasethings-labsviernes\tpv\pacman\holasdl\debug\gamecharacter.obj
c:\users\usuario\desktop\2ºvideojuegos\clasethings\clasethings\clasethings-labsviernes\tpv\pacman\holasdl\debug\main.obj
c:\users\usuario\desktop\2ºvideojuegos\clasethings\clasethings\clasethings-labsviernes\tpv\pacman\holasdl\debug\pacman.obj
c:\users\usuario\desktop\2ºvideojuegos\clasethings\clasethings\clasethings-labsviernes\tpv\pacman\holasdl\debug\pacmanerror.obj
c:\users\usuario\desktop\2ºvideojuegos\clasethings\clasethings\clasethings-labsviernes\tpv\pacman\holasdl\debug\sdlerror.obj
c:\users\usuario\desktop\2ºvideojuegos\clasethings\clasethings\clasethings-labsviernes\tpv\pacman\holasdl\debug\smartghost.obj
c:\users\usuario\desktop\2ºvideojuegos\clasethings\clasethings\clasethings-labsviernes\tpv\pacman\holasdl\debug\texture.obj
c:\users\usuario\desktop\2ºvideojuegos\clasethings\clasethings\clasethings-labsviernes\tpv\pacman\holasdl\debug\game.obj
c:\users\usuario\desktop\2ºvideojuegos\clasethings\clasethings\clasethings-labsviernes\tpv\pacman\holasdl\debug\filenotfounderror.obj
c:\users\usuario\desktop\2ºvideojuegos\gitcompartido\clasethings\tpv\pacman\holasdl\debug\vc140.pdb
c:\users\usuario\desktop\2ºvideojuegos\gitcompartido\clasethings\tpv\pacman\holasdl\debug\vc140.idb
c:\users\usuario\desktop\2ºvideojuegos\gitcompartido\clasethings\tpv\pacman\holasdl\debug\filenotfounderror.obj
c:\users\usuario\desktop\2ºvideojuegos\gitcompartido\clasethings\tpv\pacman\holasdl\debug\font.obj
c:\users\usuario\desktop\2ºvideojuegos\gitcompartido\clasethings\tpv\pacman\holasdl\debug\game.obj
c:\users\usuario\desktop\2ºvideojuegos\gitcompartido\clasethings\tpv\pacman\holasdl\debug\gamemap.obj
c:\users\usuario\desktop\2ºvideojuegos\gitcompartido\clasethings\tpv\pacman\holasdl\debug\gameobject.obj
c:\users\usuario\desktop\2ºvideojuegos\gitcompartido\clasethings\tpv\pacman\holasdl\debug\ghost.obj
c:\users\usuario\desktop\2ºvideojuegos\gitcompartido\clasethings\tpv\pacman\holasdl\debug\gamecharacter.obj
c:\users\usuario\desktop\2ºvideojuegos\gitcompartido\clasethings\tpv\pacman\holasdl\debug\main.obj
c:\users\usuario\desktop\2ºvideojuegos\gitcompartido\clasethings\tpv\pacman\holasdl\debug\pacman.obj
c:\users\usuario\desktop\2ºvideojuegos\gitcompartido\clasethings\tpv\pacman\holasdl\debug\pacmanerror.obj
c:\users\usuario\desktop\2ºvideojuegos\gitcompartido\clasethings\tpv\pacman\holasdl\debug\sdlerror.obj
c:\users\usuario\desktop\2ºvideojuegos\gitcompartido\clasethings\tpv\pacman\holasdl\debug\fileformaterror.obj
c:\users\usuario\desktop\2ºvideojuegos\gitcompartido\clasethings\tpv\pacman\holasdl\debug\smartghost.obj
c:\users\usuario\desktop\2ºvideojuegos\gitcompartido\clasethings\tpv\pacman\holasdl\debug\texture.obj
c:\users\usuario\desktop\2ºvideojuegos\gitcompartido\clasethings\tpv\pacman\holasdl\debug\gamestate.obj
c:\users\usuario\desktop\2ºvideojuegos\gitcompartido\clasethings\tpv\pacman\holasdl\debug\gamestatemachine.obj
c:\users\usuario\desktop\2ºvideojuegos\gitcompartido\clasethings\tpv\pacman\holasdl\debug\mainmenustate.obj
c:\users\usuario\desktop\2ºvideojuegos\gitcompartido\clasethings\tpv\pacman\holasdl\debug\menubutton.obj
c:\users\usuario\desktop\2ºvideojuegos\gitcompartido\clasethings\tpv\pacman\holasdl\debug\playstate.obj
c:\users\usuario\desktop\2ºvideojuegos\gitcompartido\clasethings\tpv\pacman\holasdl\debug\sdlapp.obj
c:\users\usuario\desktop\2ºvideojuegos\gitcompartido\clasethings\tpv\pacman\holasdl\debug\pacmanobject.obj
c:\users\usuario\desktop\2ºvideojuegos\gitcompartido\clasethings\tpv\pacman\holasdl\debug\pausestate.obj
c:\users\usuario\desktop\2ºvideojuegos\clasethings\clasethings\clasethings-labsviernes\tpv\pacman\bin\holasdldebug.ilk
c:\users\usuario\desktop\2ºvideojuegos\clasethings\clasethings\clasethings-labsviernes\tpv\pacman\bin\holasdldebug.exe
c:\users\usuario\desktop\2ºvideojuegos\clasethings\clasethings\clasethings-labsviernes\tpv\pacman\bin\holasdldebug.pdb
c:\users\usuario\desktop\2ºvideojuegos\gitcompartido\clasethings\tpv\pacman\bin\holasdldebug.ilk
c:\users\usuario\desktop\2ºvideojuegos\gitcompartido\clasethings\tpv\pacman\bin\holasdldebug.exe
c:\users\usuario\desktop\2ºvideojuegos\gitcompartido\clasethings\tpv\pacman\bin\holasdldebug.pdb
c:\users\mrcorner\desktop\git\clasethings\tpv\pacman\holasdl\debug\fileformaterror.obj
c:\users\mrcorner\desktop\git\clasethings\tpv\pacman\holasdl\debug\filenotfounderror.obj
c:\users\mrcorner\desktop\git\clasethings\tpv\pacman\holasdl\debug\font.obj
c:\users\mrcorner\desktop\git\clasethings\tpv\pacman\holasdl\debug\game.obj
c:\users\mrcorner\desktop\git\clasethings\tpv\pacman\holasdl\debug\gamecharacter.obj
c:\users\mrcorner\desktop\git\clasethings\tpv\pacman\holasdl\debug\gamemap.obj
c:\users\mrcorner\desktop\git\clasethings\tpv\pacman\holasdl\debug\gameobject.obj
c:\users\mrcorner\desktop\git\clasethings\tpv\pacman\holasdl\debug\gamestate.obj
c:\users\mrcorner\desktop\git\clasethings\tpv\pacman\holasdl\debug\gamestatemachine.obj
c:\users\mrcorner\desktop\git\clasethings\tpv\pacman\holasdl\debug\ghost.obj
c:\users\mrcorner\desktop\git\clasethings\tpv\pacman\holasdl\debug\main.obj
c:\users\mrcorner\desktop\git\clasethings\tpv\pacman\holasdl\debug\mainmenustate.obj
c:\users\mrcorner\desktop\git\clasethings\tpv\pacman\holasdl\debug\menubutton.obj
c:\users\mrcorner\desktop\git\clasethings\tpv\pacman\holasdl\debug\pacman.obj
c:\users\mrcorner\desktop\git\clasethings\tpv\pacman\holasdl\debug\pacmanerror.obj
c:\users\mrcorner\desktop\git\clasethings\tpv\pacman\holasdl\debug\pacmanobject.obj
c:\users\mrcorner\desktop\git\clasethings\tpv\pacman\holasdl\debug\pausestate.obj
c:\users\mrcorner\desktop\git\clasethings\tpv\pacman\holasdl\debug\playstate.obj
c:\users\mrcorner\desktop\git\clasethings\tpv\pacman\holasdl\debug\sdlapp.obj
c:\users\mrcorner\desktop\git\clasethings\tpv\pacman\holasdl\debug\sdlerror.obj
c:\users\mrcorner\desktop\git\clasethings\tpv\pacman\holasdl\debug\smartghost.obj
c:\users\mrcorner\desktop\git\clasethings\tpv\pacman\holasdl\debug\texture.obj
c:\users\mrcorner\desktop\git\clasethings\tpv\pacman\holasdl\debug\vc120.idb
c:\users\mrcorner\desktop\git\clasethings\tpv\pacman\holasdl\debug\vc140.idb
c:\users\mrcorner\desktop\git\clasethings\tpv\pacman\holasdl\debug\vc120.pdb
c:\users\mrcorner\desktop\git\clasethings\tpv\pacman\holasdl\debug\vc140.pdb
c:\users\mrcorner\desktop\git\clasethings\tpv\pacman\bin\holasdldebug.pdb
c:\users\mrcorner\desktop\git\clasethings\tpv\pacman\bin\holasdldebug.exe
c:\users\mrcorner\desktop\git\clasethings\tpv\pacman\bin\holasdldebug.ilk
c:\users\mrcorner\desktop\git\clasethings\tpv\pacman\holasdl\debug\holasdl.tlog\cl.command.1.tlog
c:\users\mrcorner\desktop\git\clasethings\tpv\pacman\holasdl\debug\holasdl.tlog\cl.read.1.tlog
c:\users\mrcorner\desktop\git\clasethings\tpv\pacman\holasdl\debug\holasdl.tlog\cl.write.1.tlog
c:\users\mrcorner\desktop\git\clasethings\tpv\pacman\holasdl\debug\holasdl.tlog\link.command.1.tlog
c:\users\mrcorner\desktop\git\clasethings\tpv\pacman\holasdl\debug\holasdl.tlog\link.read.1.tlog
c:\users\mrcorner\desktop\git\clasethings\tpv\pacman\holasdl\debug\holasdl.tlog\link.write.1.tlog
